Arguments: 
  /usr/local/bin/node /usr/local/Cellar/yarn/0.27.5_1/libexec/bin/yarn.js add store

PATH: 
  /usr/local/bin:/usr/bin:/bin:/usr/sbin:/sbin

Yarn version: 
  0.27.5

Node version: 
  8.7.0

Platform: 
  darwin x64

npm manifest: 
  {
    "name": "react-simple-storage",
    "version": "1.0.2",
    "description": "Simple component and helper functions for using localStorage with React.",
    "keywords": [
      "react, localStorage",
      "storage"
    ],
    "main": "build/index.js",
    "homepage": "https://ryanjyost.github.io/react-simple-storage-example-project/",
    "bugs": {
      "email": "ryanjyost@gmail.com"
    },
    "license": "MIT",
    "peerDependencies": {
      "react": "^15.5.4"
    },
    "dependencies": {
      "react": "^15.5.4",
      "webpack": "^2.6.1"
    },
    "repository": {
      "type": "git",
      "url": "https://github.com/ryanjyost/react-simple-storage"
    },
    "scripts": {
      "test": "echo \"Error: no test specified\" && exit 1",
      "start": "webpack --watch",
      "build": "webpack"
    },
    "author": {
      "name": "Ryan Yost",
      "email": "ryanjyost@gmail.com"
    },
    "devDependencies": {
      "babel-cli": "^6.24.1",
      "babel-core": "^6.24.1",
      "babel-loader": "^7.0.0",
      "babel-plugin-transform-object-rest-spread": "^6.23.0",
      "babel-plugin-transform-react-jsx": "^6.24.1",
      "babel-preset-env": "^1.5.1"
    }
  }

yarn manifest: 
  No manifest

Lockfile: 
  No lockfile

Trace: 
  Error: EACCES: permission denied, mkdir '/Users/ryanyost/Desktop/NODE/react-simple-storage/node_modules/abbrev'
